<?xml version="1.0" encoding="UTF-8"?>
<!-- Generated by org.testng.reporters.JUnitXMLReporter -->
<testsuite ignored="3" hostname="DESKTOP-CJFGN1F" failures="1" tests="1" name="Show Password Functionality" time="53.435" errors="0" timestamp="2022-08-10T16:29:36 IST">
  <testcase classname="ciraLogin.Login" name="ShowPasswordFunctionality" time="0.332">
    <failure type="org.openqa.selenium.InvalidElementStateException" message="invalid element state
  (Session info: chrome=104.0.5112.81)
Build info: version: &amp;apos;4.3.0&amp;apos;, revision: &amp;apos;a4995e2c09*&amp;apos;
System info: host: &amp;apos;DESKTOP-CJFGN1F&amp;apos;, ip: &amp;apos;192.168.1.88&amp;apos;, os.name: &amp;apos;Windows 10&amp;apos;, os.arch: &amp;apos;amd64&amp;apos;, os.version: &amp;apos;10.0&amp;apos;, java.version: &amp;apos;16.0.2&amp;apos;
Driver info: org.openqa.selenium.chrome.ChromeDriver
Command: [f8a897a080bf7142870878efbb6a23e3, clearElement {id=f7d349fc-46e0-45e2-ab21-405e1712b447}]
Capabilities {acceptInsecureCerts: false, browserName: chrome, browserVersion: 104.0.5112.81, chrome: {chromedriverVersion: 104.0.5112.79 (3cf3e8c8a07d..., userDataDir: C:\Users\admin\AppData\Loca...}, goog:chromeOptions: {debuggerAddress: localhost:53446}, networkConnectionEnabled: false, pageLoadStrategy: normal, platformName: WINDOWS, proxy: Proxy(), se:cdp: ws://localhost:53446/devtoo..., se:cdpVersion: 104.0.5112.81, setWindowRect: true, strictFileInteractability: false, timeouts: {implicit: 0, pageLoad: 300000, script: 30000}, unhandledPromptBehavior: dismiss and notify, webauthn:extension:credBlob: true, webauthn:extension:largeBlob: true, webauthn:virtualAuthenticators: true}
Element: [[ChromeDriver: chrome on WINDOWS (f8a897a080bf7142870878efbb6a23e3)] -&amp;gt; xpath: //body/app-root[1]/dx-box[1]/div[1]/dxi-item[1]/div[1]/app-common-user-authentication-layout[1]/div[1]/div[1]/div[1]/div[1]/app-login[1]/dx-validation-group[1]/dx-responsive-box[1]/div[1]/div[1]/div[1]/div[2]/dxi-item[1]/div[1]/div[1]/dx-text-box[1]/div[1]/div[2]/div[1]/div[1]/i[1]]
Session ID: f8a897a080bf7142870878efbb6a23e3">
      <![CDATA[org.openqa.selenium.InvalidElementStateException: invalid element state
  (Session info: chrome=104.0.5112.81)
Build info: version: '4.3.0', revision: 'a4995e2c09*'
System info: host: 'DESKTOP-CJFGN1F', ip: '192.168.1.88', os.name: 'Windows 10', os.arch: 'amd64', os.version: '10.0', java.version: '16.0.2'
Driver info: org.openqa.selenium.chrome.ChromeDriver
Command: [f8a897a080bf7142870878efbb6a23e3, clearElement {id=f7d349fc-46e0-45e2-ab21-405e1712b447}]
Capabilities {acceptInsecureCerts: false, browserName: chrome, browserVersion: 104.0.5112.81, chrome: {chromedriverVersion: 104.0.5112.79 (3cf3e8c8a07d..., userDataDir: C:\Users\admin\AppData\Loca...}, goog:chromeOptions: {debuggerAddress: localhost:53446}, networkConnectionEnabled: false, pageLoadStrategy: normal, platformName: WINDOWS, proxy: Proxy(), se:cdp: ws://localhost:53446/devtoo..., se:cdpVersion: 104.0.5112.81, setWindowRect: true, strictFileInteractability: false, timeouts: {implicit: 0, pageLoad: 300000, script: 30000}, unhandledPromptBehavior: dismiss and notify, webauthn:extension:credBlob: true, webauthn:extension:largeBlob: true, webauthn:virtualAuthenticators: true}
Element: [[ChromeDriver: chrome on WINDOWS (f8a897a080bf7142870878efbb6a23e3)] -> xpath: //body/app-root[1]/dx-box[1]/div[1]/dxi-item[1]/div[1]/app-common-user-authentication-layout[1]/div[1]/div[1]/div[1]/div[1]/app-login[1]/dx-validation-group[1]/dx-responsive-box[1]/div[1]/div[1]/div[1]/div[2]/dxi-item[1]/div[1]/div[1]/dx-text-box[1]/div[1]/div[2]/div[1]/div[1]/i[1]]
Session ID: f8a897a080bf7142870878efbb6a23e3
at org.openqa.selenium.remote.codec.w3c.W3CHttpResponseCodec.createException(W3CHttpResponseCodec.java:200)
at org.openqa.selenium.remote.codec.w3c.W3CHttpResponseCodec.decode(W3CHttpResponseCodec.java:133)
at org.openqa.selenium.remote.codec.w3c.W3CHttpResponseCodec.decode(W3CHttpResponseCodec.java:53)
at org.openqa.selenium.remote.HttpCommandExecutor.execute(HttpCommandExecutor.java:184)
at org.openqa.selenium.remote.service.DriverCommandExecutor.invokeExecute(DriverCommandExecutor.java:167)
at org.openqa.selenium.remote.service.DriverCommandExecutor.execute(DriverCommandExecutor.java:142)
at org.openqa.selenium.remote.RemoteWebDriver.execute(RemoteWebDriver.java:569)
at org.openqa.selenium.remote.RemoteWebElement.execute(RemoteWebElement.java:257)
at org.openqa.selenium.remote.RemoteWebElement.clear(RemoteWebElement.java:132)
at ciraLogin.Login.ShowPasswordFunctionality(Login.java:96)
at java.base/java.util.ArrayList.forEach(ArrayList.java:1511)
... Removed 32 stack frames]]>
    </failure>
  </testcase> <!-- ShowPasswordFunctionality -->
  <testcase classname="ciraLogin.Login" name="LoginWithEmptyField" time="0.0">
    <ignored/>
  </testcase> <!-- LoginWithEmptyField -->
  <testcase classname="ciraLogin.Login" name="ValidInputLoginTest" time="0.0">
    <ignored/>
  </testcase> <!-- ValidInputLoginTest -->
  <testcase classname="ciraLogin.Login" name="InValidInputLoginTest" time="0.0">
    <ignored/>
  </testcase> <!-- InValidInputLoginTest -->
</testsuite> <!-- Show Password Functionality -->
