<?xml version="1.0" encoding="UTF-8"?>
<testng-results ignored="12" total="16" passed="2" failed="2" skipped="0">
  <reporter-output>
  </reporter-output>
  <suite started-at="2022-08-10T16:27:11 IST" name="CiraConnect" finished-at="2022-08-10T16:30:27 IST" duration-ms="196182">
    <groups>
    </groups>
    <test started-at="2022-08-10T16:27:11 IST" name="Login Test with Valid Inputs" finished-at="2022-08-10T16:28:03 IST" duration-ms="52463">
      <class name="ciraLogin.Login">
        <test-method is-config="true" signature="setUp()[pri:0, instance:ciraLogin.Login@15ff3e9e]" started-at="2022-08-10T16:27:11 IST" name="setUp" finished-at="2022-08-10T16:27:53 IST" duration-ms="42152" status="PASS">
          <reporter-output>
          </reporter-output>
        </test-method> <!-- setUp -->
        <test-method signature="ValidInputLoginTest()[pri:1, instance:ciraLogin.Login@15ff3e9e]" started-at="2022-08-10T16:27:53 IST" name="ValidInputLoginTest" finished-at="2022-08-10T16:28:01 IST" duration-ms="8431" status="PASS">
          <reporter-output>
          </reporter-output>
        </test-method> <!-- ValidInputLoginTest -->
        <test-method is-config="true" signature="tearDown()[pri:0, instance:ciraLogin.Login@15ff3e9e]" started-at="2022-08-10T16:28:01 IST" name="tearDown" finished-at="2022-08-10T16:28:03 IST" duration-ms="1776" status="PASS">
          <reporter-output>
          </reporter-output>
        </test-method> <!-- tearDown -->
      </class> <!-- ciraLogin.Login -->
    </test> <!-- Login Test with Valid Inputs -->
    <test started-at="2022-08-10T16:28:03 IST" name="Login Test with InValid Inputs" finished-at="2022-08-10T16:28:43 IST" duration-ms="39304">
      <class name="ciraLogin.Login">
        <test-method is-config="true" signature="setUp()[pri:0, instance:ciraLogin.Login@10e31a9a]" started-at="2022-08-10T16:28:03 IST" name="setUp" finished-at="2022-08-10T16:28:35 IST" duration-ms="32045" status="PASS">
          <reporter-output>
          </reporter-output>
        </test-method> <!-- setUp -->
        <test-method signature="InValidInputLoginTest()[pri:2, instance:ciraLogin.Login@10e31a9a]" started-at="2022-08-10T16:28:35 IST" name="InValidInputLoginTest" finished-at="2022-08-10T16:28:41 IST" duration-ms="5813" status="FAIL">
          <exception class="java.lang.AssertionError">
            <message>
              <![CDATA[expected [https://sandbox.ciranet.com/v2/managementportal/user/login] but found [https://sandbox.ciranet.com/v2/managementportal/home]]]>
            </message>
            <full-stacktrace>
              <![CDATA[java.lang.AssertionError: expected [https://sandbox.ciranet.com/v2/managementportal/user/login] but found [https://sandbox.ciranet.com/v2/managementportal/home]
at org.testng.Assert.fail(Assert.java:99)
at org.testng.Assert.failNotEquals(Assert.java:1037)
at org.testng.Assert.assertEqualsImpl(Assert.java:140)
at org.testng.Assert.assertEquals(Assert.java:122)
at org.testng.Assert.assertEquals(Assert.java:629)
at org.testng.Assert.assertEquals(Assert.java:639)
at ciraLogin.Login.InValidInputLoginTest(Login.java:85)
at java.base/jdk.internal.reflect.NativeMethodAccessorImpl.invoke0(Native Method)
at java.base/jdk.internal.reflect.NativeMethodAccessorImpl.invoke(NativeMethodAccessorImpl.java:78)
at java.base/jdk.internal.reflect.DelegatingMethodAccessorImpl.invoke(DelegatingMethodAccessorImpl.java:43)
at java.base/java.lang.reflect.Method.invoke(Method.java:567)
at org.testng.internal.MethodInvocationHelper.invokeMethod(MethodInvocationHelper.java:133)
at org.testng.internal.TestInvoker.invokeMethod(TestInvoker.java:598)
at org.testng.internal.TestInvoker.invokeTestMethod(TestInvoker.java:173)
at org.testng.internal.MethodRunner.runInSequence(MethodRunner.java:46)
at org.testng.internal.TestInvoker$MethodInvocationAgent.invoke(TestInvoker.java:824)
at org.testng.internal.TestInvoker.invokeTestMethods(TestInvoker.java:146)
at org.testng.internal.TestMethodWorker.invokeTestMethods(TestMethodWorker.java:146)
at org.testng.internal.TestMethodWorker.run(TestMethodWorker.java:128)
at java.base/java.util.ArrayList.forEach(ArrayList.java:1511)
at org.testng.TestRunner.privateRun(TestRunner.java:794)
at org.testng.TestRunner.run(TestRunner.java:596)
at org.testng.SuiteRunner.runTest(SuiteRunner.java:377)
at org.testng.SuiteRunner.runSequentially(SuiteRunner.java:371)
at org.testng.SuiteRunner.privateRun(SuiteRunner.java:332)
at org.testng.SuiteRunner.run(SuiteRunner.java:276)
at org.testng.SuiteRunnerWorker.runSuite(SuiteRunnerWorker.java:53)
at org.testng.SuiteRunnerWorker.run(SuiteRunnerWorker.java:96)
at org.testng.TestNG.runSuitesSequentially(TestNG.java:1212)
at org.testng.TestNG.runSuitesLocally(TestNG.java:1134)
at org.testng.TestNG.runSuites(TestNG.java:1063)
at org.testng.TestNG.run(TestNG.java:1031)
at org.testng.remote.AbstractRemoteTestNG.run(AbstractRemoteTestNG.java:115)
at org.testng.remote.RemoteTestNG.initAndRun(RemoteTestNG.java:251)
at org.testng.remote.RemoteTestNG.main(RemoteTestNG.java:77)
]]>
            </full-stacktrace>
          </exception> <!-- java.lang.AssertionError -->
          <reporter-output>
          </reporter-output>
        </test-method> <!-- InValidInputLoginTest -->
        <test-method is-config="true" signature="tearDown()[pri:0, instance:ciraLogin.Login@10e31a9a]" started-at="2022-08-10T16:28:41 IST" name="tearDown" finished-at="2022-08-10T16:28:43 IST" duration-ms="1439" status="PASS">
          <reporter-output>
          </reporter-output>
        </test-method> <!-- tearDown -->
      </class> <!-- ciraLogin.Login -->
    </test> <!-- Login Test with InValid Inputs -->
    <test started-at="2022-08-10T16:28:43 IST" name="Show Password Functionality" finished-at="2022-08-10T16:29:36 IST" duration-ms="53435">
      <class name="ciraLogin.Login">
        <test-method is-config="true" signature="setUp()[pri:0, instance:ciraLogin.Login@57a3af25]" started-at="2022-08-10T16:28:43 IST" name="setUp" finished-at="2022-08-10T16:29:34 IST" duration-ms="51441" status="PASS">
          <reporter-output>
          </reporter-output>
        </test-method> <!-- setUp -->
        <test-method signature="ShowPasswordFunctionality()[pri:3, instance:ciraLogin.Login@57a3af25]" started-at="2022-08-10T16:29:34 IST" name="ShowPasswordFunctionality" finished-at="2022-08-10T16:29:35 IST" duration-ms="332" status="FAIL">
          <exception class="org.openqa.selenium.InvalidElementStateException">
            <message>
              <![CDATA[invalid element state
  (Session info: chrome=104.0.5112.81)
Build info: version: '4.3.0', revision: 'a4995e2c09*'
System info: host: 'DESKTOP-CJFGN1F', ip: '192.168.1.88', os.name: 'Windows 10', os.arch: 'amd64', os.version: '10.0', java.version: '16.0.2'
Driver info: org.openqa.selenium.chrome.ChromeDriver
Command: [f8a897a080bf7142870878efbb6a23e3, clearElement {id=f7d349fc-46e0-45e2-ab21-405e1712b447}]
Capabilities {acceptInsecureCerts: false, browserName: chrome, browserVersion: 104.0.5112.81, chrome: {chromedriverVersion: 104.0.5112.79 (3cf3e8c8a07d..., userDataDir: C:\Users\admin\AppData\Loca...}, goog:chromeOptions: {debuggerAddress: localhost:53446}, networkConnectionEnabled: false, pageLoadStrategy: normal, platformName: WINDOWS, proxy: Proxy(), se:cdp: ws://localhost:53446/devtoo..., se:cdpVersion: 104.0.5112.81, setWindowRect: true, strictFileInteractability: false, timeouts: {implicit: 0, pageLoad: 300000, script: 30000}, unhandledPromptBehavior: dismiss and notify, webauthn:extension:credBlob: true, webauthn:extension:largeBlob: true, webauthn:virtualAuthenticators: true}
Element: [[ChromeDriver: chrome on WINDOWS (f8a897a080bf7142870878efbb6a23e3)] -> xpath: //body/app-root[1]/dx-box[1]/div[1]/dxi-item[1]/div[1]/app-common-user-authentication-layout[1]/div[1]/div[1]/div[1]/div[1]/app-login[1]/dx-validation-group[1]/dx-responsive-box[1]/div[1]/div[1]/div[1]/div[2]/dxi-item[1]/div[1]/div[1]/dx-text-box[1]/div[1]/div[2]/div[1]/div[1]/i[1]]
Session ID: f8a897a080bf7142870878efbb6a23e3]]>
            </message>
            <full-stacktrace>
              <![CDATA[org.openqa.selenium.InvalidElementStateException: invalid element state
  (Session info: chrome=104.0.5112.81)
Build info: version: '4.3.0', revision: 'a4995e2c09*'
System info: host: 'DESKTOP-CJFGN1F', ip: '192.168.1.88', os.name: 'Windows 10', os.arch: 'amd64', os.version: '10.0', java.version: '16.0.2'
Driver info: org.openqa.selenium.chrome.ChromeDriver
Command: [f8a897a080bf7142870878efbb6a23e3, clearElement {id=f7d349fc-46e0-45e2-ab21-405e1712b447}]
Capabilities {acceptInsecureCerts: false, browserName: chrome, browserVersion: 104.0.5112.81, chrome: {chromedriverVersion: 104.0.5112.79 (3cf3e8c8a07d..., userDataDir: C:\Users\admin\AppData\Loca...}, goog:chromeOptions: {debuggerAddress: localhost:53446}, networkConnectionEnabled: false, pageLoadStrategy: normal, platformName: WINDOWS, proxy: Proxy(), se:cdp: ws://localhost:53446/devtoo..., se:cdpVersion: 104.0.5112.81, setWindowRect: true, strictFileInteractability: false, timeouts: {implicit: 0, pageLoad: 300000, script: 30000}, unhandledPromptBehavior: dismiss and notify, webauthn:extension:credBlob: true, webauthn:extension:largeBlob: true, webauthn:virtualAuthenticators: true}
Element: [[ChromeDriver: chrome on WINDOWS (f8a897a080bf7142870878efbb6a23e3)] -> xpath: //body/app-root[1]/dx-box[1]/div[1]/dxi-item[1]/div[1]/app-common-user-authentication-layout[1]/div[1]/div[1]/div[1]/div[1]/app-login[1]/dx-validation-group[1]/dx-responsive-box[1]/div[1]/div[1]/div[1]/div[2]/dxi-item[1]/div[1]/div[1]/dx-text-box[1]/div[1]/div[2]/div[1]/div[1]/i[1]]
Session ID: f8a897a080bf7142870878efbb6a23e3
at java.base/jdk.internal.reflect.NativeConstructorAccessorImpl.newInstance0(Native Method)
at java.base/jdk.internal.reflect.NativeConstructorAccessorImpl.newInstance(NativeConstructorAccessorImpl.java:78)
at java.base/jdk.internal.reflect.DelegatingConstructorAccessorImpl.newInstance(DelegatingConstructorAccessorImpl.java:45)
at java.base/java.lang.reflect.Constructor.newInstanceWithCaller(Constructor.java:499)
at java.base/java.lang.reflect.Constructor.newInstance(Constructor.java:480)
at org.openqa.selenium.remote.codec.w3c.W3CHttpResponseCodec.createException(W3CHttpResponseCodec.java:200)
at org.openqa.selenium.remote.codec.w3c.W3CHttpResponseCodec.decode(W3CHttpResponseCodec.java:133)
at org.openqa.selenium.remote.codec.w3c.W3CHttpResponseCodec.decode(W3CHttpResponseCodec.java:53)
at org.openqa.selenium.remote.HttpCommandExecutor.execute(HttpCommandExecutor.java:184)
at org.openqa.selenium.remote.service.DriverCommandExecutor.invokeExecute(DriverCommandExecutor.java:167)
at org.openqa.selenium.remote.service.DriverCommandExecutor.execute(DriverCommandExecutor.java:142)
at org.openqa.selenium.remote.RemoteWebDriver.execute(RemoteWebDriver.java:569)
at org.openqa.selenium.remote.RemoteWebElement.execute(RemoteWebElement.java:257)
at org.openqa.selenium.remote.RemoteWebElement.clear(RemoteWebElement.java:132)
at ciraLogin.Login.ShowPasswordFunctionality(Login.java:96)
at java.base/jdk.internal.reflect.NativeMethodAccessorImpl.invoke0(Native Method)
at java.base/jdk.internal.reflect.NativeMethodAccessorImpl.invoke(NativeMethodAccessorImpl.java:78)
at java.base/jdk.internal.reflect.DelegatingMethodAccessorImpl.invoke(DelegatingMethodAccessorImpl.java:43)
at java.base/java.lang.reflect.Method.invoke(Method.java:567)
at org.testng.internal.MethodInvocationHelper.invokeMethod(MethodInvocationHelper.java:133)
at org.testng.internal.TestInvoker.invokeMethod(TestInvoker.java:598)
at org.testng.internal.TestInvoker.invokeTestMethod(TestInvoker.java:173)
at org.testng.internal.MethodRunner.runInSequence(MethodRunner.java:46)
at org.testng.internal.TestInvoker$MethodInvocationAgent.invoke(TestInvoker.java:824)
at org.testng.internal.TestInvoker.invokeTestMethods(TestInvoker.java:146)
at org.testng.internal.TestMethodWorker.invokeTestMethods(TestMethodWorker.java:146)
at org.testng.internal.TestMethodWorker.run(TestMethodWorker.java:128)
at java.base/java.util.ArrayList.forEach(ArrayList.java:1511)
at org.testng.TestRunner.privateRun(TestRunner.java:794)
at org.testng.TestRunner.run(TestRunner.java:596)
at org.testng.SuiteRunner.runTest(SuiteRunner.java:377)
at org.testng.SuiteRunner.runSequentially(SuiteRunner.java:371)
at org.testng.SuiteRunner.privateRun(SuiteRunner.java:332)
at org.testng.SuiteRunner.run(SuiteRunner.java:276)
at org.testng.SuiteRunnerWorker.runSuite(SuiteRunnerWorker.java:53)
at org.testng.SuiteRunnerWorker.run(SuiteRunnerWorker.java:96)
at org.testng.TestNG.runSuitesSequentially(TestNG.java:1212)
at org.testng.TestNG.runSuitesLocally(TestNG.java:1134)
at org.testng.TestNG.runSuites(TestNG.java:1063)
at org.testng.TestNG.run(TestNG.java:1031)
at org.testng.remote.AbstractRemoteTestNG.run(AbstractRemoteTestNG.java:115)
at org.testng.remote.RemoteTestNG.initAndRun(RemoteTestNG.java:251)
at org.testng.remote.RemoteTestNG.main(RemoteTestNG.java:77)
]]>
            </full-stacktrace>
          </exception> <!-- org.openqa.selenium.InvalidElementStateException -->
          <reporter-output>
          </reporter-output>
        </test-method> <!-- ShowPasswordFunctionality -->
        <test-method is-config="true" signature="tearDown()[pri:0, instance:ciraLogin.Login@57a3af25]" started-at="2022-08-10T16:29:35 IST" name="tearDown" finished-at="2022-08-10T16:29:36 IST" duration-ms="1632" status="PASS">
          <reporter-output>
          </reporter-output>
        </test-method> <!-- tearDown -->
      </class> <!-- ciraLogin.Login -->
    </test> <!-- Show Password Functionality -->
    <test started-at="2022-08-10T16:29:36 IST" name="Verify Login with Blank Input Fields" finished-at="2022-08-10T16:30:27 IST" duration-ms="50591">
      <class name="ciraLogin.Login">
        <test-method is-config="true" signature="setUp()[pri:0, instance:ciraLogin.Login@c8c12ac]" started-at="2022-08-10T16:29:36 IST" name="setUp" finished-at="2022-08-10T16:30:19 IST" duration-ms="43123" status="PASS">
          <reporter-output>
          </reporter-output>
        </test-method> <!-- setUp -->
        <test-method signature="LoginWithEmptyField()[pri:4, instance:ciraLogin.Login@c8c12ac]" started-at="2022-08-10T16:30:19 IST" name="LoginWithEmptyField" finished-at="2022-08-10T16:30:25 IST" duration-ms="5976" status="PASS">
          <reporter-output>
          </reporter-output>
        </test-method> <!-- LoginWithEmptyField -->
        <test-method is-config="true" signature="tearDown()[pri:0, instance:ciraLogin.Login@c8c12ac]" started-at="2022-08-10T16:30:25 IST" name="tearDown" finished-at="2022-08-10T16:30:27 IST" duration-ms="1485" status="PASS">
          <reporter-output>
          </reporter-output>
        </test-method> <!-- tearDown -->
      </class> <!-- ciraLogin.Login -->
    </test> <!-- Verify Login with Blank Input Fields -->
  </suite> <!-- CiraConnect -->
</testng-results>
